Using pre-set license
Built from '2020.3/staging' branch; Version is '2020.3.4f1 (0abb6314276a) revision 703331'; Using compiler version '192528614'; Build Type 'Release'
OS: 'Windows 10 Home; OS build 19041.928; Version 2004; 64bit' Language: 'en' Physical Memory: 16326 MB
BatchMode: 1, IsHumanControllingUs: 0, StartBugReporterOnCrash: 0, Is64bit: 1, IsPro: 0

 COMMAND LINE ARGUMENTS:
C:\Program Files\Unity\Hub\Editor\2020.3.4f1\Editor\Unity.exe
-adb2
-batchMode
-noUpm
-name
AssetImportWorker0
-projectPath
C:/Users/kayle_guc01z9/OneDrive - School District No. 36 (Surrey)/Github/Week 2/Pain-is-Temporary-Finals-main
-logFile
Logs/AssetImportWorker0.log
-srvPort
55600
Successfully changed project path to: C:/Users/kayle_guc01z9/OneDrive - School District No. 36 (Surrey)/Github/Week 2/Pain-is-Temporary-Finals-main
C:/Users/kayle_guc01z9/OneDrive - School District No. 36 (Surrey)/Github/Week 2/Pain-is-Temporary-Finals-main
Using Asset Import Pipeline V2.
Refreshing native plugins compatible for Editor in 43.24 ms, found 0 plugins.
Preloading 0 native plugins for Editor in 0.00 ms.
Initialize engine version: 2020.3.4f1 (0abb6314276a)
[Subsystems] Discovering subsystems at path C:/Program Files/Unity/Hub/Editor/2020.3.4f1/Editor/Data/Resources/UnitySubsystems
[Subsystems] Discovering subsystems at path C:/Users/kayle_guc01z9/OneDrive - School District No. 36 (Surrey)/Github/Week 2/Pain-is-Temporary-Finals-main/Assets
GfxDevice: creating device client; threaded=0
Direct3D:
    Version:  Direct3D 11.0 [level 11.1]
    Renderer: NVIDIA GeForce GTX 1060 3GB (ID=0x1c02)
    Vendor:   
    VRAM:     3035 MB
    Driver:   21.21.13.7319
Initialize mono
Mono path[0] = 'C:/Program Files/Unity/Hub/Editor/2020.3.4f1/Editor/Data/Managed'
Mono path[1] = 'C:/Program Files/Unity/Hub/Editor/2020.3.4f1/Editor/Data/MonoBleedingEdge/lib/mono/unityjit'
Mono config path = 'C:/Program Files/Unity/Hub/Editor/2020.3.4f1/Editor/Data/MonoBleedingEdge/etc'
Using monoOptions --debugger-agent=transport=dt_socket,embedding=1,server=y,suspend=n,address=127.0.0.1:56924
Begin MonoManager ReloadAssembly
Registering precompiled unity dll's ...
Register platform support module: C:/Program Files/Unity/Hub/Editor/2020.3.4f1/Editor/Data/PlaybackEngines/WebGLSupport/UnityEditor.WebGL.Extensions.dll
Register platform support module: C:/Program Files/Unity/Hub/Editor/2020.3.4f1/Editor/Data/PlaybackEngines/WindowsStandaloneSupport/UnityEditor.WindowsStandalone.Extensions.dll
Registered in 0.003019 seconds.
Native extension for WindowsStandalone target not found
Native extension for WebGL target not found
Refreshing native plugins compatible for Editor in 49.03 ms, found 0 plugins.
Preloading 0 native plugins for Editor in 0.00 ms.
Mono: successfully reloaded assembly
- Completed reload, in  1.666 seconds
Platform modules already initialized, skipping
Registering precompiled user dll's ...
Registered in 0.001823 seconds.
Begin MonoManager ReloadAssembly
Native extension for WindowsStandalone target not found
Native extension for WebGL target not found
Refreshing native plugins compatible for Editor in 0.44 ms, found 0 plugins.
Preloading 0 native plugins for Editor in 0.00 ms.
Mono: successfully reloaded assembly
- Completed reload, in  1.156 seconds
Platform modules already initialized, skipping
========================================================================
Worker process is ready to serve import requests
Launched and connected shader compiler UnityShaderCompiler.exe after 0.05 seconds
Refreshing native plugins compatible for Editor in 0.31 ms, found 0 plugins.
Preloading 0 native plugins for Editor in 0.00 ms.
Unloading 1668 Unused Serialized files (Serialized files now loaded: 0)
System memory in use before: 81.7 MB.
System memory in use after: 81.7 MB.

Unloading 103 unused Assets to reduce memory usage. Loaded Objects now: 2108.
Total: 2.143500 ms (FindLiveObjects: 0.183300 ms CreateObjectMapping: 0.078500 ms MarkObjects: 1.722200 ms  DeleteObjects: 0.158300 ms)

========================================================================
Received Import Request.
  path: Assets/Scenes/Ghost Quartet.unity
  artifactKey: Guid(5aa4c7f390839f74d936bab4933901ab) Importer(815301076,1909f56bfc062723c751e8b465ee728b)
Start importing Assets/Scenes/Ghost Quartet.unity using Guid(5aa4c7f390839f74d936bab4933901ab) Importer(815301076,1909f56bfc062723c751e8b465ee728b)  -> (artifact id: 'ae74aacb610e3657fda73faa9aa40558') in 0.007803 seconds
  Import took 0.011601 seconds .

========================================================================
Received Import Request.
  Time since last request: 199.964709 seconds.
  path: Assets/Materials
  artifactKey: Guid(4c8d8111371d37c4390c2ddcf67a1735) Importer(815301076,1909f56bfc062723c751e8b465ee728b)
Start importing Assets/Materials using Guid(4c8d8111371d37c4390c2ddcf67a1735) Importer(815301076,1909f56bfc062723c751e8b465ee728b)  -> (artifact id: '68796969e2658f9558df909df5c2edab') in 0.011655 seconds
  Import took 0.015525 seconds .

========================================================================
Received Import Request.
  Time since last request: 0.060492 seconds.
  path: Assets/Materials/Finish Platform.mat
  artifactKey: Guid(41c5ec9a6d1ee19418338a3d5ea1ec12) Importer(815301076,1909f56bfc062723c751e8b465ee728b)
Start importing Assets/Materials/Finish Platform.mat using Guid(41c5ec9a6d1ee19418338a3d5ea1ec12) Importer(815301076,1909f56bfc062723c751e8b465ee728b)  -> (artifact id: '1303af89a6d28a851691090f0a1e62da') in 0.128599 seconds
  Import took 0.131874 seconds .

========================================================================
Received Import Request.
  Time since last request: 0.000204 seconds.
  path: Assets/Materials/Stage.mat
  artifactKey: Guid(03a74397f701e55468d71791b929027d) Importer(815301076,1909f56bfc062723c751e8b465ee728b)
Start importing Assets/Materials/Stage.mat using Guid(03a74397f701e55468d71791b929027d) Importer(815301076,1909f56bfc062723c751e8b465ee728b)  -> (artifact id: '3ef32790487e922b20389885890b4ad2') in 0.026329 seconds
  Import took 0.030415 seconds .

========================================================================
Received Import Request.
  Time since last request: 0.000229 seconds.
  path: Assets/Materials/Ground.mat
  artifactKey: Guid(5ca6f22d0270ee34f9802e3972a8663b) Importer(815301076,1909f56bfc062723c751e8b465ee728b)
Start importing Assets/Materials/Ground.mat using Guid(5ca6f22d0270ee34f9802e3972a8663b) Importer(815301076,1909f56bfc062723c751e8b465ee728b)  -> (artifact id: '9dfd4cd1518c1899ded3fb166843c562') in 0.019262 seconds
  Import took 0.023264 seconds .

========================================================================
Received Import Request.
  Time since last request: 17.622459 seconds.
  path: Assets/SkySerie Freebie/FreebieHdri/AmbienceExposure4k.hdr
  artifactKey: Guid(c9bc6cdb7a2e78b4c85ae74715b0a355) Importer(815301076,1909f56bfc062723c751e8b465ee728b)
Start importing Assets/SkySerie Freebie/FreebieHdri/AmbienceExposure4k.hdr using Guid(c9bc6cdb7a2e78b4c85ae74715b0a355) Importer(815301076,1909f56bfc062723c751e8b465ee728b)  -> (artifact id: '1747c24419a5006a9f31bcf5a1099006') in 0.088056 seconds
  Import took 0.094672 seconds .

========================================================================
Received Import Request.
  Time since last request: 0.002783 seconds.
  path: Assets/SkySerie Freebie/FreebieHdri/AmbienceExposure4k.hdr
  artifactKey: Guid(c9bc6cdb7a2e78b4c85ae74715b0a355) Importer(815301076,1909f56bfc062723c751e8b465ee728b)
Start importing Assets/SkySerie Freebie/FreebieHdri/AmbienceExposure4k.hdr using Guid(c9bc6cdb7a2e78b4c85ae74715b0a355) Importer(815301076,1909f56bfc062723c751e8b465ee728b)  -> (artifact id: '1747c24419a5006a9f31bcf5a1099006') in 0.049440 seconds
  Import took 0.056316 seconds .

========================================================================
Received Prepare
Registering precompiled user dll's ...
Registered in 0.002324 seconds.
Begin MonoManager ReloadAssembly
Native extension for WindowsStandalone target not found
Native extension for WebGL target not found
Refreshing native plugins compatible for Editor in 0.33 ms, found 0 plugins.
Preloading 0 native plugins for Editor in 0.00 ms.
Warning: Annotation not found!
UnityEngine.StackTraceUtility:ExtractStackTrace ()
UnityEditor.ProBuilder.EditorUtility:SetGizmoIconEnabled (System.Type,bool) (at Library/PackageCache/com.unity.probuilder@4.5.0/Editor/EditorCore/EditorUtility.cs:593)
UnityEditor.ProBuilder.HierarchyListener:.cctor () (at Library/PackageCache/com.unity.probuilder@4.5.0/Editor/EditorCore/HierarchyListener.cs:21)
System.Runtime.CompilerServices.RuntimeHelpers:RunClassConstructor (System.RuntimeTypeHandle)
UnityEditor.EditorAssemblies:ProcessInitializeOnLoadAttributes (System.Type[])

[Library/PackageCache/com.unity.probuilder@4.5.0/Editor/EditorCore/EditorUtility.cs line 593]

Mono: successfully reloaded assembly
- Completed reload, in  0.944 seconds
Platform modules already initialized, skipping
Refreshing native plugins compatible for Editor in 0.31 ms, found 0 plugins.
Preloading 0 native plugins for Editor in 0.00 ms.
Unloading 1632 Unused Serialized files (Serialized files now loaded: 0)
System memory in use before: 82.0 MB.
System memory in use after: 82.0 MB.

Unloading 7 unused Assets to reduce memory usage. Loaded Objects now: 2154.
Total: 2.377400 ms (FindLiveObjects: 0.209800 ms CreateObjectMapping: 0.059700 ms MarkObjects: 2.038800 ms  DeleteObjects: 0.068300 ms)

========================================================================
Received Import Request.
  Time since last request: 25.669979 seconds.
  path: Assets/SkySerie Freebie/AmbienceExposure.mat
  artifactKey: Guid(72deae4d18418f94688abef8e8483df0) Importer(815301076,1909f56bfc062723c751e8b465ee728b)
Start importing Assets/SkySerie Freebie/AmbienceExposure.mat using Guid(72deae4d18418f94688abef8e8483df0) Importer(815301076,1909f56bfc062723c751e8b465ee728b)  -> (artifact id: '72ac63f0032d02b45381b095fb2995ba') in 0.078557 seconds
  Import took 0.083582 seconds .

========================================================================
Received Prepare
Registering precompiled user dll's ...
Registered in 0.001903 seconds.
Begin MonoManager ReloadAssembly
Native extension for WindowsStandalone target not found
Native extension for WebGL target not found
Refreshing native plugins compatible for Editor in 0.55 ms, found 0 plugins.
Preloading 0 native plugins for Editor in 0.00 ms.
Warning: Annotation not found!
UnityEngine.StackTraceUtility:ExtractStackTrace ()
UnityEditor.ProBuilder.EditorUtility:SetGizmoIconEnabled (System.Type,bool) (at Library/PackageCache/com.unity.probuilder@4.5.0/Editor/EditorCore/EditorUtility.cs:593)
UnityEditor.ProBuilder.HierarchyListener:.cctor () (at Library/PackageCache/com.unity.probuilder@4.5.0/Editor/EditorCore/HierarchyListener.cs:21)
System.Runtime.CompilerServices.RuntimeHelpers:RunClassConstructor (System.RuntimeTypeHandle)
UnityEditor.EditorAssemblies:ProcessInitializeOnLoadAttributes (System.Type[])

[Library/PackageCache/com.unity.probuilder@4.5.0/Editor/EditorCore/EditorUtility.cs line 593]

Mono: successfully reloaded assembly
- Completed reload, in  1.172 seconds
Platform modules already initialized, skipping
Refreshing native plugins compatible for Editor in 0.53 ms, found 0 plugins.
Preloading 0 native plugins for Editor in 0.00 ms.
Unloading 1631 Unused Serialized files (Serialized files now loaded: 0)
System memory in use before: 82.0 MB.
System memory in use after: 82.0 MB.

Unloading 7 unused Assets to reduce memory usage. Loaded Objects now: 2158.
Total: 3.246300 ms (FindLiveObjects: 0.198100 ms CreateObjectMapping: 0.102200 ms MarkObjects: 2.869700 ms  DeleteObjects: 0.074800 ms)

========================================================================
Received Prepare
Registering precompiled user dll's ...
Registered in 0.001514 seconds.
Begin MonoManager ReloadAssembly
Native extension for WindowsStandalone target not found
Native extension for WebGL target not found
Refreshing native plugins compatible for Editor in 0.51 ms, found 0 plugins.
Preloading 0 native plugins for Editor in 0.00 ms.
Warning: Annotation not found!
UnityEngine.StackTraceUtility:ExtractStackTrace ()
UnityEditor.ProBuilder.EditorUtility:SetGizmoIconEnabled (System.Type,bool) (at Library/PackageCache/com.unity.probuilder@4.5.0/Editor/EditorCore/EditorUtility.cs:593)
UnityEditor.ProBuilder.HierarchyListener:.cctor () (at Library/PackageCache/com.unity.probuilder@4.5.0/Editor/EditorCore/HierarchyListener.cs:21)
System.Runtime.CompilerServices.RuntimeHelpers:RunClassConstructor (System.RuntimeTypeHandle)
UnityEditor.EditorAssemblies:ProcessInitializeOnLoadAttributes (System.Type[])

[Library/PackageCache/com.unity.probuilder@4.5.0/Editor/EditorCore/EditorUtility.cs line 593]

Mono: successfully reloaded assembly
- Completed reload, in  1.038 seconds
Platform modules already initialized, skipping
Refreshing native plugins compatible for Editor in 0.38 ms, found 0 plugins.
Preloading 0 native plugins for Editor in 0.00 ms.
Unloading 1631 Unused Serialized files (Serialized files now loaded: 0)
System memory in use before: 82.0 MB.
System memory in use after: 82.1 MB.

Unloading 7 unused Assets to reduce memory usage. Loaded Objects now: 2161.
Total: 3.569100 ms (FindLiveObjects: 0.272400 ms CreateObjectMapping: 0.117100 ms MarkObjects: 3.102200 ms  DeleteObjects: 0.076200 ms)

========================================================================
Received Prepare
Registering precompiled user dll's ...
Registered in 0.001503 seconds.
Begin MonoManager ReloadAssembly
Native extension for WindowsStandalone target not found
Native extension for WebGL target not found
Refreshing native plugins compatible for Editor in 0.33 ms, found 0 plugins.
Preloading 0 native plugins for Editor in 0.00 ms.
Warning: Annotation not found!
UnityEngine.StackTraceUtility:ExtractStackTrace ()
UnityEditor.ProBuilder.EditorUtility:SetGizmoIconEnabled (System.Type,bool) (at Library/PackageCache/com.unity.probuilder@4.5.0/Editor/EditorCore/EditorUtility.cs:593)
UnityEditor.ProBuilder.HierarchyListener:.cctor () (at Library/PackageCache/com.unity.probuilder@4.5.0/Editor/EditorCore/HierarchyListener.cs:21)
System.Runtime.CompilerServices.RuntimeHelpers:RunClassConstructor (System.RuntimeTypeHandle)
UnityEditor.EditorAssemblies:ProcessInitializeOnLoadAttributes (System.Type[])

[Library/PackageCache/com.unity.probuilder@4.5.0/Editor/EditorCore/EditorUtility.cs line 593]

Mono: successfully reloaded assembly
- Completed reload, in  1.004 seconds
Platform modules already initialized, skipping
Refreshing native plugins compatible for Editor in 0.33 ms, found 0 plugins.
Preloading 0 native plugins for Editor in 0.00 ms.
Unloading 1631 Unused Serialized files (Serialized files now loaded: 0)
System memory in use before: 82.0 MB.
System memory in use after: 82.1 MB.

Unloading 7 unused Assets to reduce memory usage. Loaded Objects now: 2164.
Total: 2.548800 ms (FindLiveObjects: 0.260200 ms CreateObjectMapping: 0.051100 ms MarkObjects: 2.136700 ms  DeleteObjects: 0.099500 ms)

========================================================================
Received Import Request.
  Time since last request: 1088.513132 seconds.
  path: Assets/Scenes/Hooray.unity
  artifactKey: Guid(e5e95939296ea3340adff929039d6f08) Importer(815301076,1909f56bfc062723c751e8b465ee728b)
Start importing Assets/Scenes/Hooray.unity using Guid(e5e95939296ea3340adff929039d6f08) Importer(815301076,1909f56bfc062723c751e8b465ee728b)  -> (artifact id: '851416a33aa369e7a7658d2ba922fa98') in 0.020487 seconds
  Import took 0.024741 seconds .

========================================================================
Received Import Request.
  Time since last request: 0.039285 seconds.
  path: Assets/Scenes/Hooray.unity
  artifactKey: Guid(e5e95939296ea3340adff929039d6f08) Importer(815301076,1909f56bfc062723c751e8b465ee728b)
Start importing Assets/Scenes/Hooray.unity using Guid(e5e95939296ea3340adff929039d6f08) Importer(815301076,1909f56bfc062723c751e8b465ee728b)  -> (artifact id: '851416a33aa369e7a7658d2ba922fa98') in 0.002823 seconds
  Import took 0.006060 seconds .

========================================================================
Received Import Request.
  Time since last request: 62.114660 seconds.
  path: Assets/Scenes/Great Comet.unity
  artifactKey: Guid(9fc0d4010bbf28b4594072e72b8655ab) Importer(815301076,1909f56bfc062723c751e8b465ee728b)
Start importing Assets/Scenes/Great Comet.unity using Guid(9fc0d4010bbf28b4594072e72b8655ab) Importer(815301076,1909f56bfc062723c751e8b465ee728b)  -> (artifact id: '2547bfa41043807aca749fac72e6474f') in 0.007099 seconds
  Import took 0.010061 seconds .

========================================================================
Received Prepare
Registering precompiled user dll's ...
Registered in 0.002044 seconds.
Begin MonoManager ReloadAssembly
Native extension for WindowsStandalone target not found
Native extension for WebGL target not found
Refreshing native plugins compatible for Editor in 0.30 ms, found 0 plugins.
Preloading 0 native plugins for Editor in 0.00 ms.
Warning: Annotation not found!
UnityEngine.StackTraceUtility:ExtractStackTrace ()
UnityEditor.ProBuilder.EditorUtility:SetGizmoIconEnabled (System.Type,bool) (at Library/PackageCache/com.unity.probuilder@4.5.0/Editor/EditorCore/EditorUtility.cs:593)
UnityEditor.ProBuilder.HierarchyListener:.cctor () (at Library/PackageCache/com.unity.probuilder@4.5.0/Editor/EditorCore/HierarchyListener.cs:21)
System.Runtime.CompilerServices.RuntimeHelpers:RunClassConstructor (System.RuntimeTypeHandle)
UnityEditor.EditorAssemblies:ProcessInitializeOnLoadAttributes (System.Type[])

[Library/PackageCache/com.unity.probuilder@4.5.0/Editor/EditorCore/EditorUtility.cs line 593]

Mono: successfully reloaded assembly
- Completed reload, in  0.884 seconds
Platform modules already initialized, skipping
Refreshing native plugins compatible for Editor in 0.36 ms, found 0 plugins.
Preloading 0 native plugins for Editor in 0.00 ms.
Unloading 1631 Unused Serialized files (Serialized files now loaded: 0)
System memory in use before: 82.0 MB.
System memory in use after: 82.1 MB.

Unloading 7 unused Assets to reduce memory usage. Loaded Objects now: 2167.
Total: 2.364600 ms (FindLiveObjects: 0.228400 ms CreateObjectMapping: 0.082200 ms MarkObjects: 1.986000 ms  DeleteObjects: 0.067000 ms)

AssetImportWorkerClient::OnTransportError - code=2 error=End of file
